{
  "stats": {
    "suites": 1,
    "tests": 8,
    "passes": 8,
    "pending": 0,
    "failures": 0,
    "start": "2024-05-02T20:16:55.652Z",
    "end": "2024-05-02T20:17:06.361Z",
    "duration": 10709,
    "testsRegistered": 8,
    "passPercent": 100,
    "pendingPercent": 0,
    "other": 0,
    "hasOther": false,
    "skipped": 0,
    "hasSkipped": false
  },
  "results": [
    {
      "uuid": "5aa1de68-bc25-4e41-9f31-38fa880b47ff",
      "title": "",
      "fullFile": "cypress\\e2e\\POM\\homeSaucePageFixture.cy.js",
      "file": "cypress\\e2e\\POM\\homeSaucePageFixture.cy.js",
      "beforeHooks": [],
      "afterHooks": [],
      "tests": [],
      "suites": [
        {
          "uuid": "a90007ec-21ac-4d62-9284-5cf1207aba67",
          "title": "Data driven Test reading data from a JSON file",
          "fullFile": "",
          "file": "",
          "beforeHooks": [],
          "afterHooks": [],
          "tests": [
            {
              "title": "Standar Username",
              "fullTitle": "Data driven Test reading data from a JSON file Standar Username",
              "timedOut": null,
              "duration": 1677,
              "state": "passed",
              "speed": "fast",
              "pass": true,
              "fail": false,
              "pending": false,
              "context": null,
              "code": "_homeSaucePage.default.typeUsername(test.username);\n_homeSaucePage.default.typePassword(test.password);\n_homeSaucePage.default.clickLogin();\nif (test.name === 'Standar Username') {\n  _inventoryPage.default.elements.titleSpan().should('have.text', test.expected);\n} else {\n  cy.get('[data-test=\"error\"]').should('contain.text', test.expected);\n}",
              "err": {},
              "uuid": "10d8d93d-2264-4d05-b20e-05b3f557ffc7",
              "parentUUID": "a90007ec-21ac-4d62-9284-5cf1207aba67",
              "isHook": false,
              "skipped": false
            },
            {
              "title": "loked out Username",
              "fullTitle": "Data driven Test reading data from a JSON file loked out Username",
              "timedOut": null,
              "duration": 1041,
              "state": "passed",
              "speed": "fast",
              "pass": true,
              "fail": false,
              "pending": false,
              "context": null,
              "code": "_homeSaucePage.default.typeUsername(test.username);\n_homeSaucePage.default.typePassword(test.password);\n_homeSaucePage.default.clickLogin();\nif (test.name === 'Standar Username') {\n  _inventoryPage.default.elements.titleSpan().should('have.text', test.expected);\n} else {\n  cy.get('[data-test=\"error\"]').should('contain.text', test.expected);\n}",
              "err": {},
              "uuid": "cc73c980-9a00-4482-8149-e58cb16544f3",
              "parentUUID": "a90007ec-21ac-4d62-9284-5cf1207aba67",
              "isHook": false,
              "skipped": false
            },
            {
              "title": "incorret Username",
              "fullTitle": "Data driven Test reading data from a JSON file incorret Username",
              "timedOut": null,
              "duration": 798,
              "state": "passed",
              "speed": "fast",
              "pass": true,
              "fail": false,
              "pending": false,
              "context": null,
              "code": "_homeSaucePage.default.typeUsername(test.username);\n_homeSaucePage.default.typePassword(test.password);\n_homeSaucePage.default.clickLogin();\nif (test.name === 'Standar Username') {\n  _inventoryPage.default.elements.titleSpan().should('have.text', test.expected);\n} else {\n  cy.get('[data-test=\"error\"]').should('contain.text', test.expected);\n}",
              "err": {},
              "uuid": "4aa63505-bb96-439f-82dd-14f4995c2609",
              "parentUUID": "a90007ec-21ac-4d62-9284-5cf1207aba67",
              "isHook": false,
              "skipped": false
            },
            {
              "title": "incorret password",
              "fullTitle": "Data driven Test reading data from a JSON file incorret password",
              "timedOut": null,
              "duration": 886,
              "state": "passed",
              "speed": "fast",
              "pass": true,
              "fail": false,
              "pending": false,
              "context": null,
              "code": "_homeSaucePage.default.typeUsername(test.username);\n_homeSaucePage.default.typePassword(test.password);\n_homeSaucePage.default.clickLogin();\nif (test.name === 'Standar Username') {\n  _inventoryPage.default.elements.titleSpan().should('have.text', test.expected);\n} else {\n  cy.get('[data-test=\"error\"]').should('contain.text', test.expected);\n}",
              "err": {},
              "uuid": "d345b924-eac0-49b2-b8ff-a31812b45e97",
              "parentUUID": "a90007ec-21ac-4d62-9284-5cf1207aba67",
              "isHook": false,
              "skipped": false
            },
            {
              "title": "Standar Username",
              "fullTitle": "Data driven Test reading data from a JSON file Standar Username",
              "timedOut": null,
              "duration": 1376,
              "state": "passed",
              "speed": "fast",
              "pass": true,
              "fail": false,
              "pending": false,
              "context": null,
              "code": "cy.typeLogin(test.username, test.password);\nif (test.name === 'Standar Username') {\n  cy.location('pathname').should('eq', '/inventory.html');\n  cy.get('.title').should('contain.text', 'Products');\n  cy.logOut();\n  cy.url().should('eq', 'https://www.saucedemo.com/');\n} else {\n  cy.get('[data-test=\"error\"]').should('contain.text', test.expected);\n}",
              "err": {},
              "uuid": "34e3ea24-ab4e-4614-b8c7-3a8288f55f3a",
              "parentUUID": "a90007ec-21ac-4d62-9284-5cf1207aba67",
              "isHook": false,
              "skipped": false
            },
            {
              "title": "loked out Username",
              "fullTitle": "Data driven Test reading data from a JSON file loked out Username",
              "timedOut": null,
              "duration": 926,
              "state": "passed",
              "speed": "fast",
              "pass": true,
              "fail": false,
              "pending": false,
              "context": null,
              "code": "cy.typeLogin(test.username, test.password);\nif (test.name === 'Standar Username') {\n  cy.location('pathname').should('eq', '/inventory.html');\n  cy.get('.title').should('contain.text', 'Products');\n  cy.logOut();\n  cy.url().should('eq', 'https://www.saucedemo.com/');\n} else {\n  cy.get('[data-test=\"error\"]').should('contain.text', test.expected);\n}",
              "err": {},
              "uuid": "55ade20f-c937-4d7c-aa4b-ec606de869bb",
              "parentUUID": "a90007ec-21ac-4d62-9284-5cf1207aba67",
              "isHook": false,
              "skipped": false
            },
            {
              "title": "incorret Username",
              "fullTitle": "Data driven Test reading data from a JSON file incorret Username",
              "timedOut": null,
              "duration": 902,
              "state": "passed",
              "speed": "fast",
              "pass": true,
              "fail": false,
              "pending": false,
              "context": null,
              "code": "cy.typeLogin(test.username, test.password);\nif (test.name === 'Standar Username') {\n  cy.location('pathname').should('eq', '/inventory.html');\n  cy.get('.title').should('contain.text', 'Products');\n  cy.logOut();\n  cy.url().should('eq', 'https://www.saucedemo.com/');\n} else {\n  cy.get('[data-test=\"error\"]').should('contain.text', test.expected);\n}",
              "err": {},
              "uuid": "b7cda1f2-f703-45da-ae4a-149bf9691752",
              "parentUUID": "a90007ec-21ac-4d62-9284-5cf1207aba67",
              "isHook": false,
              "skipped": false
            },
            {
              "title": "incorret password",
              "fullTitle": "Data driven Test reading data from a JSON file incorret password",
              "timedOut": null,
              "duration": 884,
              "state": "passed",
              "speed": "fast",
              "pass": true,
              "fail": false,
              "pending": false,
              "context": null,
              "code": "cy.typeLogin(test.username, test.password);\nif (test.name === 'Standar Username') {\n  cy.location('pathname').should('eq', '/inventory.html');\n  cy.get('.title').should('contain.text', 'Products');\n  cy.logOut();\n  cy.url().should('eq', 'https://www.saucedemo.com/');\n} else {\n  cy.get('[data-test=\"error\"]').should('contain.text', test.expected);\n}",
              "err": {},
              "uuid": "15b1352b-a105-4718-9f07-178d3f0ea8a1",
              "parentUUID": "a90007ec-21ac-4d62-9284-5cf1207aba67",
              "isHook": false,
              "skipped": false
            }
          ],
          "suites": [],
          "passes": [
            "10d8d93d-2264-4d05-b20e-05b3f557ffc7",
            "cc73c980-9a00-4482-8149-e58cb16544f3",
            "4aa63505-bb96-439f-82dd-14f4995c2609",
            "d345b924-eac0-49b2-b8ff-a31812b45e97",
            "34e3ea24-ab4e-4614-b8c7-3a8288f55f3a",
            "55ade20f-c937-4d7c-aa4b-ec606de869bb",
            "b7cda1f2-f703-45da-ae4a-149bf9691752",
            "15b1352b-a105-4718-9f07-178d3f0ea8a1"
          ],
          "failures": [],
          "pending": [],
          "skipped": [],
          "duration": 8490,
          "root": false,
          "rootEmpty": false,
          "_timeout": 2000
        }
      ],
      "passes": [],
      "failures": [],
      "pending": [],
      "skipped": [],
      "duration": 0,
      "root": true,
      "rootEmpty": true,
      "_timeout": 2000
    }
  ],
  "meta": {
    "mocha": {
      "version": "7.0.1"
    },
    "mochawesome": {
      "options": {
        "quiet": false,
        "reportFilename": "mochawesome",
        "saveHtml": true,
        "saveJson": true,
        "consoleReporter": "spec",
        "useInlineDiffs": false,
        "code": true
      },
      "version": "7.1.3"
    },
    "marge": {
      "options": {
        "reportDir": "cypress/reports/mocha",
        "overwrite": false,
        "html": true,
        "json": true
      },
      "version": "6.2.0"
    }
  }
}